    INFO : 2019-09-25 23:32:01,670 - 
-----------------------------------------------
Dirwatcher Started @ EDT - 2019/09/25, 23:32:01
-----------------------------------------------
 WARNING : 2019-09-25 23:32:02,523 - Received SIGINT
 WARNING : 2019-09-25 23:32:02,523 - Received SIGINT
    INFO : 2019-09-25 23:32:02,523 - 
---------------------------------------------
Dirwatcher Ended @ EDT - 2019/09/25, 23:32:02
---------------------------------------------
[    INFO] : 2019-09-25 23:32:25,339 - 
-----------------------------------------------
Dirwatcher Started @ EDT - 2019/09/25, 23:32:25
-----------------------------------------------
[ WARNING] : 2019-09-25 23:32:26,200 - Received SIGINT
[ WARNING] : 2019-09-25 23:32:26,201 - Received SIGINT
[    INFO] : 2019-09-25 23:32:26,201 - 
---------------------------------------------
Dirwatcher Ended @ EDT - 2019/09/25, 23:32:26
---------------------------------------------
[    INFO] : 2019-09-26 00:41:18,692 - 
-----------------------------------------------
Dirwatcher Started @ EDT - 2019/09/26, 00:41:18
-----------------------------------------------
[   ERROR] : 2019-09-26 00:41:18,693 - [Errno 2] No such file or directory: '/home/nate/Programming/School/Q3/long-running-program/text.txt'
[   ERROR] : 2019-09-26 00:41:23,693 - [Errno 2] No such file or directory: '/home/nate/Programming/School/Q3/long-running-program/text.txt'
[ WARNING] : 2019-09-26 00:41:28,463 - Received SIGINT
[ WARNING] : 2019-09-26 00:41:28,464 - Received SIGINT
[    INFO] : 2019-09-26 00:41:28,464 - 
---------------------------------------------
Dirwatcher Ended @ EDT - 2019/09/26, 00:41:28
---------------------------------------------
[    INFO] : 2019-09-26 00:43:57,096 - 
-----------------------------------------------
Dirwatcher Started @ EDT - 2019/09/26, 00:43:57
-----------------------------------------------
[ WARNING] : 2019-09-26 00:44:08,593 - Received SIGINT
[ WARNING] : 2019-09-26 00:44:08,593 - Received SIGINT
[    INFO] : 2019-09-26 00:44:08,593 - 
---------------------------------------------
Dirwatcher Ended @ EDT - 2019/09/26, 00:44:08
---------------------------------------------
[    INFO] : 2019-09-26 00:44:31,370 - 
-----------------------------------------------
Dirwatcher Started @ EDT - 2019/09/26, 00:44:31
-----------------------------------------------
[ WARNING] : 2019-09-26 00:44:37,848 - Received SIGINT
[ WARNING] : 2019-09-26 00:44:37,848 - Received SIGINT
[    INFO] : 2019-09-26 00:44:37,848 - 
---------------------------------------------
Dirwatcher Ended @ EDT - 2019/09/26, 00:44:37
---------------------------------------------
[    INFO] : 2019-09-26 00:45:55,849 - 
-----------------------------------------------
Dirwatcher Started @ EDT - 2019/09/26, 00:45:55
-----------------------------------------------
[ WARNING] : 2019-09-26 00:45:59,983 - Received SIGINT
[ WARNING] : 2019-09-26 00:45:59,984 - Received SIGINT
[    INFO] : 2019-09-26 00:45:59,984 - 
---------------------------------------------
Dirwatcher Ended @ EDT - 2019/09/26, 00:45:59
---------------------------------------------
[    INFO] : 2019-09-26 00:46:25,446 - 
-----------------------------------------------
Dirwatcher Started @ EDT - 2019/09/26, 00:46:25
-----------------------------------------------
[   ERROR] : 2019-09-26 00:46:25,446 - an integer is required (got type str)
[ WARNING] : 2019-09-26 00:46:39,827 - Received SIGINT
[ WARNING] : 2019-09-26 00:46:39,828 - Received SIGINT
[    INFO] : 2019-09-26 00:46:39,828 - 
---------------------------------------------
Dirwatcher Ended @ EDT - 2019/09/26, 00:46:39
---------------------------------------------
[    INFO] : 2019-09-26 00:47:54,469 - 
-----------------------------------------------
Dirwatcher Started @ EDT - 2019/09/26, 00:47:54
-----------------------------------------------
[   ERROR] : 2019-09-26 00:47:54,469 - an integer is required (got type str)
[ WARNING] : 2019-09-26 00:48:04,897 - Received SIGINT
[ WARNING] : 2019-09-26 00:48:04,898 - Received SIGINT
[    INFO] : 2019-09-26 00:48:04,898 - 
---------------------------------------------
Dirwatcher Ended @ EDT - 2019/09/26, 00:48:04
---------------------------------------------
[    INFO] : 2019-09-26 00:48:27,248 - 
-----------------------------------------------
Dirwatcher Started @ EDT - 2019/09/26, 00:48:27
-----------------------------------------------
[   ERROR] : 2019-09-26 00:48:27,249 - an integer is required (got type str)
[ WARNING] : 2019-09-26 00:48:34,866 - Received SIGINT
[ WARNING] : 2019-09-26 00:48:34,867 - Received SIGINT
[    INFO] : 2019-09-26 00:48:34,867 - 
---------------------------------------------
Dirwatcher Ended @ EDT - 2019/09/26, 00:48:34
---------------------------------------------
[    INFO] : 2019-09-26 00:49:59,265 - 
-----------------------------------------------
Dirwatcher Started @ EDT - 2019/09/26, 00:49:59
-----------------------------------------------
[   ERROR] : 2019-09-26 00:49:59,265 - an integer is required (got type str)
[ WARNING] : 2019-09-26 00:50:06,523 - Received SIGINT
[ WARNING] : 2019-09-26 00:50:06,524 - Received SIGINT
[    INFO] : 2019-09-26 00:50:06,524 - 
---------------------------------------------
Dirwatcher Ended @ EDT - 2019/09/26, 00:50:06
---------------------------------------------
[    INFO] : 2019-09-26 00:50:22,695 - 
-----------------------------------------------
Dirwatcher Started @ EDT - 2019/09/26, 00:50:22
-----------------------------------------------
[   ERROR] : 2019-09-26 00:50:22,695 - an integer is required (got type str)
[ WARNING] : 2019-09-26 00:50:29,129 - Received SIGINT
[ WARNING] : 2019-09-26 00:50:29,129 - Received SIGINT
[    INFO] : 2019-09-26 00:50:29,130 - 
---------------------------------------------
Dirwatcher Ended @ EDT - 2019/09/26, 00:50:29
---------------------------------------------
[    INFO] [104]: 2019-09-26 00:54:11,149 - 
-----------------------------------------------
Dirwatcher Started @ EDT - 2019/09/26, 00:54:11
-----------------------------------------------
[   ERROR] [110]: 2019-09-26 00:54:11,149 - an integer is required (got type str)
[ WARNING] [57]: 2019-09-26 00:54:13,540 - Received SIGINT
[ WARNING] [61]: 2019-09-26 00:54:13,541 - Received SIGINT
[    INFO] [117]: 2019-09-26 00:54:13,541 - 
---------------------------------------------
Dirwatcher Ended @ EDT - 2019/09/26, 00:54:13
---------------------------------------------
[    INFO] [104]: 2019-09-26 00:54:41,421 - 
-----------------------------------------------
Dirwatcher Started @ EDT - 2019/09/26, 00:54:41
-----------------------------------------------
[    INFO] [104]: 2019-09-26 00:55:37,548 - 
-----------------------------------------------
Dirwatcher Started @ EDT - 2019/09/26, 00:55:37
-----------------------------------------------
[    INFO] [104]: 2019-09-26 00:56:42,611 - 
-----------------------------------------------
Dirwatcher Started @ EDT - 2019/09/26, 00:56:42
-----------------------------------------------
[    INFO] [104]: 2019-09-26 00:57:05,492 - 
-----------------------------------------------
Dirwatcher Started @ EDT - 2019/09/26, 00:57:05
-----------------------------------------------
[ WARNING] [57]: 2019-09-26 00:57:17,500 - Received SIGINT
[ WARNING] [61]: 2019-09-26 00:57:17,500 - Received SIGINT
[    INFO] [117]: 2019-09-26 00:57:17,501 - 
---------------------------------------------
Dirwatcher Ended @ EDT - 2019/09/26, 00:57:17
---------------------------------------------
[    INFO] [105]: 2019-09-26 00:59:07,757 - 
-----------------------------------------------
Dirwatcher Started @ 2019/09/26, 00:59:07 - EDT
-----------------------------------------------
[ WARNING] [57]: 2019-09-26 00:59:15,687 - Received SIGINT
[ WARNING] [61]: 2019-09-26 00:59:15,687 - Received SIGINT
[    INFO] [118]: 2019-09-26 00:59:15,687 - 
---------------------------------------------
Dirwatcher Ended @ 2019/09/26, 00:59:15 - EDT
---------------------------------------------
[    INFO] [105]: 2019-09-26 00:59:22,888 - 
-----------------------------------------------
Dirwatcher Started @ 2019/09/26, 00:59:22 - EDT
-----------------------------------------------
[   DEBUG] [92]: 2019-09-26 00:59:22,889 - Magic string found in /home/nate/Programming/School/Q3/long-running-program/watchme/text.txt at byte offset 34
[ WARNING] [57]: 2019-09-26 00:59:25,986 - Received SIGINT
[ WARNING] [61]: 2019-09-26 00:59:25,987 - Received SIGINT
[    INFO] [118]: 2019-09-26 00:59:25,987 - 
---------------------------------------------
Dirwatcher Ended @ 2019/09/26, 00:59:25 - EDT
---------------------------------------------
[    INFO] [104]: 2019-09-26 01:00:25,887 - 
-----------------------------------------------
Dirwatcher Started @ 2019/09/26, 01:00:25 - EDT
-----------------------------------------------
[   DEBUG] [91]: 2019-09-26 01:00:25,887 - Magic string found in /home/nate/Programming/School/Q3/long-running-program/watchme/text.txt at byte offset 34
[   DEBUG] [91]: 2019-09-26 01:00:45,889 - Magic string found in /home/nate/Programming/School/Q3/long-running-program/watchme/text.txt at byte offset 41
[   DEBUG] [91]: 2019-09-26 01:00:55,891 - Magic string found in /home/nate/Programming/School/Q3/long-running-program/watchme/text.txt at byte offset 56
[ WARNING] [57]: 2019-09-26 01:01:02,521 - Received SIGINT
[ WARNING] [61]: 2019-09-26 01:01:02,522 - Received SIGINT
[    INFO] [117]: 2019-09-26 01:01:02,522 - 
---------------------------------------------
Dirwatcher Ended @ 2019/09/26, 01:01:02 - EDT
---------------------------------------------
